<?xml version="1.0" encoding="UTF-8"?>
<!-- Generated by org.testng.reporters.JUnitReportReporter -->
<testsuite hostname="MAVLT1573" failures="0" tests="4" name="com.scuba.training.MyfirstTestng" time="0.016" errors="0" timestamp="2021-12-11T20:45:22 IST" skipped="0">
  <testcase classname="com.scuba.training.MyfirstTestng" name="testngsamplefour" time="0.011"/>
  <system-out/>
  <testcase classname="com.scuba.training.MyfirstTestng" name="testngsampleone" time="0.002"/>
  <system-out/>
  <testcase classname="com.scuba.training.MyfirstTestng" name="testngsampletwo" time="0.002"/>
  <system-out/>
  <testcase classname="com.scuba.training.MyfirstTestng" name="testngsamplethree" time="0.001"/>
  <system-out/>
</testsuite> <!-- com.scuba.training.MyfirstTestng -->
